2025-11-24 12:38:50,384 - INFO - ================================================================================
2025-11-24 12:38:50,384 - INFO - AGE-GENDER PREDICTION MODEL TRAINING
2025-11-24 12:38:50,385 - INFO - ================================================================================
2025-11-24 12:38:50,385 - INFO - Device: cuda
2025-11-24 12:38:50,390 - INFO - GPU: NVIDIA GeForce RTX 3050 Ti Laptop GPU
2025-11-24 12:38:50,390 - INFO - CUDA Version: 12.1
2025-11-24 12:38:50,390 - INFO - PyTorch Version: 2.5.1+cu121
2025-11-24 12:38:50,390 - INFO - ================================================================================
2025-11-24 12:38:51,931 - INFO - 
================================================================================
2025-11-24 12:38:51,932 - INFO - ================================================================================

2025-11-24 12:38:51,935 - INFO -    • Total Epochs: 50
2025-11-24 12:38:51,935 - INFO -    • Early Stopping Patience: 10
2025-11-24 12:38:51,935 - INFO -    • Device: cuda
2025-11-24 12:38:51,935 - INFO -    • Training Samples: 16595
2025-11-24 12:38:51,935 - INFO -    • Validation Samples: 3556

2025-11-24 12:38:51,936 - INFO - 
================================================================================
2025-11-24 12:38:51,936 - INFO - Epoch [1/50]
2025-11-24 12:38:51,936 - INFO - ================================================================================
2025-11-24 12:42:39,948 - INFO -    • Total Loss: 17.9869
2025-11-24 12:42:39,951 - INFO -    • Age MAE: 33.37 years
2025-11-24 12:42:39,951 - INFO -    • Gender Accuracy: 49.48%
2025-11-24 12:42:39,955 - INFO -    • Total Loss: 18.7307
2025-11-24 12:42:39,958 - INFO -    • Age MAE: 33.18 years
2025-11-24 12:42:39,959 - INFO -    • Gender Accuracy: 47.16%
2025-11-24 12:42:41,073 - INFO - 
================================================================================
2025-11-24 12:42:41,073 - INFO - Epoch [2/50]
2025-11-24 12:42:41,074 - INFO - ================================================================================
2025-11-24 12:46:28,352 - INFO -    • Total Loss: 17.7331
2025-11-24 12:46:28,356 - INFO -    • Age MAE: 33.04 years
2025-11-24 12:46:28,356 - INFO -    • Gender Accuracy: 50.27%
2025-11-24 12:46:28,357 - INFO -    • Total Loss: 18.7308
2025-11-24 12:46:28,360 - INFO -    • Age MAE: 33.18 years
2025-11-24 12:46:28,360 - INFO -    • Gender Accuracy: 47.16%
2025-11-24 12:46:28,706 - INFO - 
================================================================================
2025-11-24 12:46:28,706 - INFO - Epoch [3/50]
2025-11-24 12:46:28,706 - INFO - ================================================================================
2025-11-24 12:50:14,355 - INFO -    • Total Loss: 17.7162
2025-11-24 12:50:14,359 - INFO -    • Age MAE: 32.96 years
2025-11-24 12:50:14,359 - INFO -    • Gender Accuracy: 50.14%
2025-11-24 12:50:14,361 - INFO -    • Total Loss: 18.7311
2025-11-24 12:50:14,364 - INFO -    • Age MAE: 33.18 years
2025-11-24 12:50:14,365 - INFO -    • Gender Accuracy: 47.16%
2025-11-24 12:50:14,721 - INFO - 
================================================================================
2025-11-24 12:50:14,721 - INFO - Epoch [4/50]
2025-11-24 12:50:14,721 - INFO - ================================================================================
2025-11-24 12:54:00,417 - INFO -    • Total Loss: 17.3894
2025-11-24 12:54:00,420 - INFO -    • Age MAE: 32.92 years
2025-11-24 12:54:00,420 - INFO -    • Gender Accuracy: 50.75%
2025-11-24 12:54:00,421 - INFO -    • Total Loss: 18.7306
2025-11-24 12:54:00,424 - INFO -    • Age MAE: 33.18 years
2025-11-24 12:54:00,424 - INFO -    • Gender Accuracy: 47.16%
2025-11-24 12:54:01,498 - INFO - 
================================================================================
2025-11-24 12:54:01,498 - INFO - Epoch [5/50]
2025-11-24 12:54:01,498 - INFO - ================================================================================
2025-11-24 12:57:51,224 - INFO -    • Total Loss: 17.3814
2025-11-24 12:57:51,227 - INFO -    • Age MAE: 33.07 years
2025-11-24 12:57:51,227 - INFO -    • Gender Accuracy: 51.46%
2025-11-24 12:57:51,229 - INFO -    • Total Loss: 18.7307
2025-11-24 12:57:51,231 - INFO -    • Age MAE: 33.18 years
2025-11-24 12:57:51,232 - INFO -    • Gender Accuracy: 47.16%
2025-11-24 12:57:51,597 - INFO - 
================================================================================
2025-11-24 12:57:51,597 - INFO - Epoch [6/50]
2025-11-24 12:57:51,597 - INFO - ================================================================================
2025-11-24 13:01:39,466 - INFO -    • Total Loss: 17.8814
2025-11-24 13:01:39,469 - INFO -    • Age MAE: 33.22 years
2025-11-24 13:01:39,469 - INFO -    • Gender Accuracy: 49.79%
2025-11-24 13:01:39,470 - INFO -    • Total Loss: 18.7307
2025-11-24 13:01:39,474 - INFO -    • Age MAE: 33.18 years
2025-11-24 13:01:39,474 - INFO -    • Gender Accuracy: 47.16%
2025-11-24 13:01:39,864 - INFO - 
================================================================================
2025-11-24 13:01:39,864 - INFO - Epoch [7/50]
2025-11-24 13:01:39,864 - INFO - ================================================================================
2025-11-24 13:05:35,947 - INFO -    • Total Loss: 17.8440
2025-11-24 13:05:35,950 - INFO -    • Age MAE: 33.12 years
2025-11-24 13:05:35,950 - INFO -    • Gender Accuracy: 49.80%
2025-11-24 13:05:35,952 - INFO -    • Total Loss: 18.7309
2025-11-24 13:05:35,956 - INFO -    • Age MAE: 33.18 years
2025-11-24 13:05:35,956 - INFO -    • Gender Accuracy: 47.16%
2025-11-24 13:05:36,335 - INFO - 
================================================================================
2025-11-24 13:05:36,336 - INFO - Epoch [8/50]
2025-11-24 13:05:36,336 - INFO - ================================================================================
2025-11-24 13:09:30,296 - INFO -    • Total Loss: 17.5520
2025-11-24 13:09:30,300 - INFO -    • Age MAE: 33.05 years
2025-11-24 13:09:30,300 - INFO -    • Gender Accuracy: 50.09%
2025-11-24 13:09:30,301 - INFO -    • Total Loss: 18.7313
2025-11-24 13:09:30,305 - INFO -    • Age MAE: 33.18 years
2025-11-24 13:09:30,305 - INFO -    • Gender Accuracy: 47.16%
2025-11-24 13:09:30,696 - INFO - 
================================================================================
2025-11-24 13:09:30,696 - INFO - Epoch [9/50]
2025-11-24 13:09:30,696 - INFO - ================================================================================
2025-11-24 13:13:18,116 - INFO -    • Total Loss: 17.9289
2025-11-24 13:13:18,118 - INFO -    • Age MAE: 33.09 years
2025-11-24 13:13:18,118 - INFO -    • Gender Accuracy: 49.49%
2025-11-24 13:13:18,120 - INFO -    • Total Loss: 18.7308
2025-11-24 13:13:18,123 - INFO -    • Age MAE: 33.18 years
2025-11-24 13:13:18,123 - INFO -    • Gender Accuracy: 47.16%
2025-11-24 13:13:18,468 - INFO - 
================================================================================
2025-11-24 13:13:18,468 - INFO - Epoch [10/50]
2025-11-24 13:13:18,468 - INFO - ================================================================================
2025-11-24 13:17:08,938 - INFO -    • Total Loss: 17.5470
2025-11-24 13:17:08,941 - INFO -    • Age MAE: 32.97 years
2025-11-24 13:17:08,941 - INFO -    • Gender Accuracy: 50.78%
2025-11-24 13:17:08,943 - INFO -    • Total Loss: 18.7308
2025-11-24 13:17:08,946 - INFO -    • Age MAE: 33.18 years
2025-11-24 13:17:08,946 - INFO -    • Gender Accuracy: 47.16%
2025-11-24 13:17:09,353 - INFO - 
================================================================================
2025-11-24 13:17:09,353 - INFO - Epoch [11/50]
2025-11-24 13:17:09,353 - INFO - ================================================================================
2025-11-24 13:21:00,936 - INFO -    • Total Loss: 17.9718
2025-11-24 13:21:00,939 - INFO -    • Age MAE: 33.17 years
2025-11-24 13:21:00,939 - INFO -    • Gender Accuracy: 49.82%
2025-11-24 13:21:00,940 - INFO -    • Total Loss: 18.7309
2025-11-24 13:21:00,944 - INFO -    • Age MAE: 33.18 years
2025-11-24 13:21:00,944 - INFO -    • Gender Accuracy: 47.16%
2025-11-24 13:21:01,333 - INFO - 
================================================================================
2025-11-24 13:21:01,333 - INFO - Epoch [12/50]
2025-11-24 13:21:01,333 - INFO - ================================================================================
2025-11-24 13:24:46,765 - INFO -    • Total Loss: 17.7550
2025-11-24 13:24:46,767 - INFO -    • Age MAE: 32.88 years
2025-11-24 13:24:46,768 - INFO -    • Gender Accuracy: 50.04%
2025-11-24 13:24:46,769 - INFO -    • Total Loss: 18.7306
2025-11-24 13:24:46,773 - INFO -    • Age MAE: 33.18 years
2025-11-24 13:24:46,773 - INFO -    • Gender Accuracy: 47.16%
2025-11-24 13:24:47,112 - INFO - 
================================================================================
2025-11-24 13:24:47,112 - INFO - Epoch [13/50]
2025-11-24 13:24:47,112 - INFO - ================================================================================
2025-11-24 13:28:25,115 - INFO -    • Total Loss: 17.6677
2025-11-24 13:28:25,118 - INFO -    • Age MAE: 33.14 years
2025-11-24 13:28:25,118 - INFO -    • Gender Accuracy: 50.25%
2025-11-24 13:28:25,120 - INFO -    • Total Loss: 18.7307
2025-11-24 13:28:25,123 - INFO -    • Age MAE: 33.18 years
2025-11-24 13:28:25,123 - INFO -    • Gender Accuracy: 47.16%
2025-11-24 13:28:25,545 - INFO - 
================================================================================
2025-11-24 13:28:25,545 - INFO - Epoch [14/50]
2025-11-24 13:28:25,545 - INFO - ================================================================================
2025-11-24 13:32:07,200 - INFO -    • Total Loss: 18.1739
2025-11-24 13:32:07,202 - INFO -    • Age MAE: 33.30 years
2025-11-24 13:32:07,202 - INFO -    • Gender Accuracy: 49.50%
2025-11-24 13:32:07,204 - INFO -    • Total Loss: 18.7309
2025-11-24 13:32:07,206 - INFO -    • Age MAE: 33.18 years
2025-11-24 13:32:07,207 - INFO -    • Gender Accuracy: 47.16%
2025-11-24 13:32:07,605 - INFO - 
================================================================================
2025-11-24 13:32:07,606 - INFO - Best model at epoch 4 with validation loss: 18.7306
2025-11-24 13:32:07,606 - INFO - ================================================================================

2025-11-24 13:32:09,252 - INFO - 
================================================================================
2025-11-24 13:32:09,255 - INFO - ================================================================================
